INFO main ebanking - URL is opened
INFO main ebanking - UserName is Enter
INFO main ebanking - Password is Enter
INFO main ebanking - Press Login Button
INFO main ebanking - Login is Pass
INFO main ebanking - URL is opened
INFO main ebanking - UserName is Enter
INFO main ebanking - Password is Enter
INFO main ebanking - Press Login Button
INFO main ebanking - Login is Pass
INFO main ebanking - URL is opened
INFO main ebanking - UserName is Enter
INFO main ebanking - Password is Enter
INFO main ebanking - URL is opened
INFO main ebanking - UserName is Enter
INFO main ebanking - Password is Enter
INFO main ebanking - Press Login Button
INFO main ebanking - Login is Pass
INFO main com.interBanking_testcases.TC_LoginTest_001 - URL is opened
INFO main com.interBanking_testcases.TC_LoginTest_001 - UserName is Enter
INFO main com.interBanking_testcases.TC_LoginTest_001 - Password is Enter
INFO main com.interBanking_testcases.TC_LoginTest_001 - Press Login Button
INFO main com.interBanking_testcases.TC_LoginTest_001 - Login is Pass
INFO main TC_LoginTest_001 - URL is opened
INFO main TC_LoginTest_001 - URL is opened
INFO main TC_LoginTest_001 - UserName is Enter
INFO main TC_LoginTest_001 - Password is Enter
INFO main TC_LoginTest_001 - Press Login Button
INFO main TC_LoginTest_001 - Login is Pass
INFO main TC_LoginTest_001 - URL is opened
INFO main TC_LoginTest_001 - UserName is Enter
INFO main TC_LoginTest_001 - Password is Enter
INFO main TC_LoginTest_001 - Press Login Button
INFO main TC_LoginTest_001 - URL is opened
INFO main TC_LoginTest_001 - UserName is Enter
INFO main TC_LoginTest_001 - Password is Enter
INFO main TC_LoginTest_001 - Press Login Button
INFO main TC_LoginTest_001 - Login is Pass
INFO main TC_LoginTest_001 - URL is opened
INFO main TC_LoginTest_001 - UserName is Enter
INFO main TC_LoginTest_001 - Password is Enter
INFO main TC_LoginTest_001 - Press Login Button
INFO main TC_LoginTest_001 - Login is Pass
INFO main TC_LoginTest_001 - URL is opened
INFO main TC_LoginTest_001 - UserName is Enter
INFO main TC_LoginTest_001 - Password is Enter
INFO main TC_LoginTest_001 - Press Login Button
INFO main TC_LoginTest_001 - Login is Pass
INFO main TC_LoginTest_001 - URL is opened
INFO main TC_LoginTest_001 - UserName is Enter
INFO main TC_LoginTest_001 - Password is Enter
INFO main TC_LoginTest_001 - Press Login Button
INFO main TC_LoginTest_001 - Login is Pass
